<?xml version="1.0" encoding="UTF-8"?>
<!-- Generated by org.testng.reporters.JUnitXMLReporter -->
<testsuite ignored="0" hostname="Nusran" failures="1" tests="4" name="EdgeTest" time="39.142" errors="0" timestamp="2025-05-23T16:55:18 IST">
  <testcase classname="Test.LoginTest" name="test_IsusernameDisplayed" time="3.453"/>
  <testcase classname="Test.HomeTest" name="test_verifyTitle" time="10.019"/>
  <testcase classname="Test.LoginTest" name="test_InvalidLogin" time="3.747"/>
  <testcase classname="Test.LoginTest" name="test_LoginToApplication" time="0.7">
    <failure type="java.lang.AssertionError" message="Test case is failed">
      <![CDATA[java.lang.AssertionError: Test case is failed
at Test.LoginTest.test_LoginToApplication(LoginTest.java:61)
at java.base/java.util.concurrent.Executors$RunnableAdapter.call(Executors.java:572)
at java.base/java.util.concurrent.FutureTask.run(FutureTask.java:317)
at java.base/java.util.concurrent.ThreadPoolExecutor.runWorker(ThreadPoolExecutor.java:1144)
at java.base/java.util.concurrent.ThreadPoolExecutor$Worker.run(ThreadPoolExecutor.java:642)
at java.base/java.lang.Thread.run(Thread.java:1575)
... Removed 12 stack frames]]>
    </failure>
  </testcase> <!-- test_LoginToApplication -->
</testsuite> <!-- EdgeTest -->
