<?xml version="1.0" encoding="UTF-8"?>
<!-- Generated by org.testng.reporters.JUnitXMLReporter -->
<testsuite ignored="3" hostname="Nusran" failures="0" tests="1" name="Test" time="16.931" errors="0" timestamp="2025-05-23T17:09:44 IST">
  <testcase classname="Test.LoginTest" name="test_InvalidLogin" time="3.924"/>
  <testcase classname="Test.HomeTest" name="test_verifyTitle" time="0.0">
    <ignored/>
  </testcase> <!-- test_verifyTitle -->
  <testcase classname="Test.LoginTest" name="test_IsusernameDisplayed" time="0.0">
    <ignored/>
  </testcase> <!-- test_IsusernameDisplayed -->
  <testcase classname="Test.LoginTest" name="test_LoginToApplication" time="0.0">
    <ignored/>
  </testcase> <!-- test_LoginToApplication -->
</testsuite> <!-- Test -->
