<?xml version="1.0" encoding="UTF-8"?>
<testng-results ignored="3" total="4" passed="1" failed="0" skipped="0">
  <reporter-output>
  </reporter-output>
  <suite started-at="2025-05-23T17:09:27 IST" name="Suite" finished-at="2025-05-23T17:09:44 IST" duration-ms="16931">
    <groups>
      <group name="regression">
        <method signature="LoginTest.test_InvalidLogin()[pri:3, instance:Test.LoginTest@6db9f5a4]" name="test_InvalidLogin" class="Test.LoginTest"/>
      </group> <!-- regression -->
    </groups>
    <test started-at="2025-05-23T17:09:27 IST" name="Test" finished-at="2025-05-23T17:09:44 IST" duration-ms="16931">
      <class name="Test.LoginTest">
        <test-method is-config="true" signature="prerequisite(java.lang.String)[pri:0, instance:Test.LoginTest@6db9f5a4]" started-at="2025-05-23T17:09:27 IST" name="prerequisite" finished-at="2025-05-23T17:09:38 IST" duration-ms="11555" status="PASS">
          <params>
            <param index="0">
              <value>
                <![CDATA[edge]]>
              </value>
            </param>
          </params>
          <reporter-output>
          </reporter-output>
        </test-method> <!-- prerequisite -->
        <test-method signature="test_InvalidLogin()[pri:3, instance:Test.LoginTest@6db9f5a4]" started-at="2025-05-23T17:09:38 IST" name="test_InvalidLogin" finished-at="2025-05-23T17:09:42 IST" duration-ms="3924" status="PASS">
          <reporter-output>
          </reporter-output>
        </test-method> <!-- test_InvalidLogin -->
        <test-method is-config="true" signature="teardown()[pri:0, instance:Test.LoginTest@6db9f5a4]" started-at="2025-05-23T17:09:42 IST" name="teardown" finished-at="2025-05-23T17:09:44 IST" duration-ms="1385" status="PASS">
          <reporter-output>
          </reporter-output>
        </test-method> <!-- teardown -->
      </class> <!-- Test.LoginTest -->
    </test> <!-- Test -->
  </suite> <!-- Suite -->
</testng-results>
